<?xml version="1.0" encoding="UTF-8"?>
<!-- Generated by org.testng.reporters.JUnitXMLReporter -->
<testsuite hostname="DESKTOP-VG7FOF4" ignored="0" name="Test" tests="1" failures="1" timestamp="2023-03-06T07:19:32 IST" time="0.31" errors="0">
  <testcase name="@AfterTest afterTest" time="0.001" classname="utilities.Base">
    <failure type="java.lang.NullPointerException">
      <![CDATA[java.lang.NullPointerException
at utilities.Base.afterTest(Base.java:63)
... Removed 24 stack frames]]>
    </failure>
  </testcase> <!-- @AfterTest afterTest -->
  <testcase name="login" time="0.13" classname="com.pom_with_pageFactory.Scripts.LoginTest">
    <failure type="java.lang.NullPointerException">
      <![CDATA[java.lang.NullPointerException
at org.openqa.selenium.support.pagefactory.DefaultElementLocator.findElement(DefaultElementLocator.java:70)
at org.openqa.selenium.support.pagefactory.internal.LocatingElementHandler.invoke(LocatingElementHandler.java:39)
at com.sun.proxy.$Proxy11.sendKeys(Unknown Source)
at com.pom_with_pageFactory.Pages.LoginPage.loginDetailsTest1(LoginPage.java:25)
at com.pom_with_pageFactory.Scripts.LoginTest.login(LoginTest.java:14)
at java.util.ArrayList.forEach(ArrayList.java:1257)
... Removed 27 stack frames]]>
    </failure>
  </testcase> <!-- login -->
</testsuite> <!-- Test -->
